1696198150814	geckodriver	INFO	Listening on 127.0.0.1:57296
1696198160420	geckodriver	INFO	Listening on 127.0.0.1:57316
1696198909654	geckodriver	INFO	Listening on 127.0.0.1:57653
1696198912719	mozrunner::runner	INFO	Running command: "C:\\Program Files\\Mozilla Firefox\\firefox.exe" "--marionette" "--remote-debugging-port" "57654" "--remote-allow-hosts" "localhost" "-no-remote" "-profile" "C:\\Users\\ayhan\\AppData\\Local\\Temp\\rust_mozprofile6lEjEn"
console.warn: services.settings: Ignoring preference override of remote settings server
console.warn: services.settings: Allow by setting MOZ_REMOTE_SETTINGS_DEVTOOLS=1 in the environment
1696198913012	Marionette	INFO	Marionette enabled
Dynamically enable window occlusion 0
1696198913120	Marionette	INFO	Listening on port 57662
WebDriver BiDi listening on ws://127.0.0.1:57654
Read port: 57662
1696198913318	RemoteAgent	WARN	TLS certificate errors will be ignored for this session
DevTools listening on ws://127.0.0.1:57654/devtools/browser/ca096e02-67d9-45e3-84e7-d6ecf7129e9e
JavaScript warning: http://ajax.googleapis.com/ajax/libs/jquery/1.9.1/jquery.min.js, line 2: Using //@ to indicate sourceMappingURL pragmas is deprecated. Use //# instead
1696198918773	Marionette	INFO	Stopped listening on port 57662
Dynamically enable window occlusion 1
1696199414629	geckodriver	INFO	Listening on 127.0.0.1:58014
1696199417669	mozrunner::runner	INFO	Running command: "C:\\Program Files\\Mozilla Firefox\\firefox.exe" "--marionette" "--remote-debugging-port" "58015" "--remote-allow-hosts" "localhost" "-no-remote" "-profile" "C:\\Users\\ayhan\\AppData\\Local\\Temp\\rust_mozprofile0pTX7D"
console.warn: services.settings: Ignoring preference override of remote settings server
console.warn: services.settings: Allow by setting MOZ_REMOTE_SETTINGS_DEVTOOLS=1 in the environment
1696199417915	Marionette	INFO	Marionette enabled
Dynamically enable window occlusion 0
1696199417984	Marionette	INFO	Listening on port 58022
Read port: 58022
WebDriver BiDi listening on ws://127.0.0.1:58015
1696199418040	RemoteAgent	WARN	TLS certificate errors will be ignored for this session
DevTools listening on ws://127.0.0.1:58015/devtools/browser/6a6ef8de-1d3c-47de-879b-fc205ae33582
JavaScript warning: https://login.newscorpaustralia.com/Qz52Z2ZYEv/3FsHb8/SlWL/iYDiQXwGc0OO/RXBNdDwu/cU17MB0x/PXEB, line 1: unreachable code after return statement
JavaScript error: , line 0: uncaught exception: Object
1696199433793	Marionette	INFO	Stopped listening on port 58022
JavaScript warning: https://eus.rubiconproject.com/usync.js, line 4: Script terminated by timeout at:
getConsentQS@https://eus.rubiconproject.com/usync.js:4:7973
appendConsentQS@https://eus.rubiconproject.com/usync.js:4:8189
firePixel/<@https://eus.rubiconproject.com/usync.js:4:4759

JavaScript warning: https://newscorpau.demdex.net/dest5.html?d_nsid=0#https%3A%2F%2Fwww.delicious.com.au, line 9: Script terminated by timeout at:
processMessage@https://newscorpau.demdex.net/dest5.html?d_nsid=0#https%3A%2F%2Fwww.delicious.com.au:9:3
processThreadYieldedMessages@https://newscorpau.demdex.net/dest5.html?d_nsid=0#https%3A%2F%2Fwww.delicious.com.au:8:360
processThreadYieldedMessages/<@https://newscorpau.demdex.net/dest5.html?d_nsid=0#https%3A%2F%2Fwww.delicious.com.au:8:420

JavaScript warning: https://www.delicious.com.au/assets/v20230921-121800/js/app.js, line 52: Script terminated by timeout at:
st@https://www.delicious.com.au/assets/v20230921-121800/js/app.js:52:43156
s@https://www.delicious.com.au/assets/v20230921-121800/js/app.js:52:43244

Dynamically enable window occlusion 1
